2024-05-08 17:46:33,044 - [line:12] - INFO: EXP_NAME = 'mapping_MNIST-colored_2_to_MNIST-colored_3'
2024-05-08 17:46:33,253 - [line:49] - INFO: EXP config: 
{
    "SEED": 195935983,
    "DATASET1": "MNIST-colored_2",
    "DATASET2": "MNIST-colored_3",
    "INNER_ITERS": 10,
    "HALF_STEPS": 1000,
    "BETA_NET_LR": 0.0001,
    "SDE_LR": 0.0001,
    "PIVOTAL_LIST": [
        0,
        20,
        50,
        100
    ],
    "BATCH_SIZE": 64,
    "UNET_BASE_FACTOR": 128,
    "N_STEPS": 10,
    "EPSILON": 1,
    "CONSTANT_TIME": false,
    "USE_POSITIONAL_ENCODING": true,
    "TIME_DIM": 128,
    "RESNET_GENERATOR": false,
    "INTEGRAL_SCALE": 0.0003255208333333333,
    "ONE_STEP_INIT_ITERS": 0,
    "SDE_GRADIENT_MAX_NORM": Infinity,
    "BETA_NET_GRADIENT_MAX_NORM": Infinity,
    "PREDICT_SHIFT": true,
    "SMART_INTERVALS": false,
    "INTERVAL_SHRINK_START_TIME": 0.98,
    "LAST_STEP_NOISE_STD": 0.001,
    "USE_GRADIENT_CHECKPOINT": false,
    "PREDICT_NOISE_AT_LAST_STEP": false,
    "N_LAST_STEPS_WITHOUT_NOISE": 1,
    "LOG_INTERVALS": 100,
    "TRACK_VAR_INTERVAL": 10,
    "IMPROVED_DIFFUSION": false,
    "USE_CHECKPOINTS_INSIDE_MODEL": false,
    "EPSILON_SCHEDULER_LAST_ITER": 20000,
    "USE_EXPONENTIAL_AVERAGE_MODEL": false,
    "DISTINCT_SHIFT_MODELS": false
}
2024-05-08 17:46:43,293 - [line:15] - INFO: Data sampler OK
2024-05-08 17:46:47,177 - [line:59] - INFO: Network init OK
2024-05-08 17:46:47,197 - [line:150] - INFO: Start training 0-th sde
2024-05-08 17:46:47,201 - [line:36] - INFO: training sde at iteration 0
2024-05-08 17:55:36,416 - [line:36] - INFO: training sde at iteration 100
